2022-10-28 23:46:01.560 Rateel @0000000000000000000000000000000000000000 (10384)> init exited 0 after 0.54 seconds
2022-10-28 23:46:02.180 Rateel @0000000000000000000000000000000000000000 (2132)> root
2022-10-28 23:46:02.215 Rateel @0000000000000000000000000000000000000000 (2132)> root exited 0 after 0.31 seconds
2022-10-28 23:46:02.968 Rateel @0000000000000000000000000000000000000000 (11772)> paths
2022-10-28 23:46:02.991 Rateel @0000000000000000000000000000000000000000 (11772)> paths exited 0 after 0.39 seconds
2022-10-28 23:46:03.018 Rateel @0000000000000000000000000000000000000000 (11300)> log -T json -r "p1() + p2()"
2022-10-28 23:46:03.279 Rateel @0000000000000000000000000000000000000000 (11300)> log -T json -r "p1() + p2()" exited 0 after 0.66 seconds
2022-10-28 23:46:04.009 Rateel @0000000000000000000000000000000000000000 (8568)> branch
2022-10-28 23:46:04.022 Rateel @0000000000000000000000000000000000000000 (8568)> branch exited 0 after 0.35 seconds
2022-10-28 23:46:04.039 Rateel @0000000000000000000000000000000000000000 (15364)> status -C
2022-10-28 23:46:04.964 Rateel @0000000000000000000000000000000000000000 (15364)> status -C exited 0 after 1.28 seconds
2022-10-28 23:46:08.929 Rateel @0000000000000000000000000000000000000000 (18016)> outgoing -q
2022-10-28 23:46:08.931 Rateel @0000000000000000000000000000000000000000 (11124)> incoming -q
2022-10-28 23:46:08.942 Rateel @0000000000000000000000000000000000000000 (18016)> outgoing -q exited 255 after 0.32 seconds
2022-10-28 23:46:08.952 Rateel @0000000000000000000000000000000000000000 (11124)> incoming -q exited 255 after 0.33 seconds
2022-10-28 23:46:10.326 Rateel @0000000000000000000000000000000000000000 (8352)> root
2022-10-28 23:46:10.371 Rateel @0000000000000000000000000000000000000000 (8352)> root exited 0 after 0.52 seconds
2022-10-28 23:46:11.407 Rateel @0000000000000000000000000000000000000000 (14236)> paths
2022-10-28 23:46:11.421 Rateel @0000000000000000000000000000000000000000 (220)> summary -q
2022-10-28 23:46:11.435 Rateel @0000000000000000000000000000000000000000 (14236)> paths exited 0 after 0.51 seconds
2022-10-28 23:46:11.771 Rateel @0000000000000000000000000000000000000000 (220)> summary -q exited 0 after 0.82 seconds
2022-10-28 23:46:12.669 Rateel @0000000000000000000000000000000000000000 (14148)> status -C
2022-10-28 23:46:12.701 Rateel @0000000000000000000000000000000000000000 (14572)> branch
2022-10-28 23:46:12.715 Rateel @0000000000000000000000000000000000000000 (14572)> branch exited 0 after 0.45 seconds
2022-10-28 23:46:12.944 Rateel @0000000000000000000000000000000000000000 (14148)> status -C exited 0 after 0.68 seconds
2022-10-28 23:46:17.135 Rateel @0000000000000000000000000000000000000000 (15968)> incoming -q
2022-10-28 23:46:17.139 Rateel @0000000000000000000000000000000000000000 (16560)> outgoing -q
2022-10-28 23:46:17.155 Rateel @0000000000000000000000000000000000000000 (16560)> outgoing -q exited 255 after 0.32 seconds
2022-10-28 23:46:17.157 Rateel @0000000000000000000000000000000000000000 (15968)> incoming -q exited 255 after 0.33 seconds
2022-10-28 23:49:08.169 Rateel @0000000000000000000000000000000000000000 (9380)> outgoing -q
2022-10-28 23:49:08.169 Rateel @0000000000000000000000000000000000000000 (17324)> incoming -q
2022-10-28 23:49:08.192 Rateel @0000000000000000000000000000000000000000 (9380)> outgoing -q exited 255 after 1.64 seconds
2022-10-28 23:49:08.199 Rateel @0000000000000000000000000000000000000000 (17324)> incoming -q exited 255 after 1.65 seconds
2022-10-28 23:49:14.126 Rateel @0000000000000000000000000000000000000000 (2716)> incoming -q
2022-10-28 23:49:14.132 Rateel @0000000000000000000000000000000000000000 (16152)> outgoing -q
2022-10-28 23:49:14.149 Rateel @0000000000000000000000000000000000000000 (16152)> outgoing -q exited 255 after 0.34 seconds
2022-10-28 23:49:14.150 Rateel @0000000000000000000000000000000000000000 (2716)> incoming -q exited 255 after 0.35 seconds
2022-10-28 23:52:05.922 Rateel @0000000000000000000000000000000000000000 (14888)> incoming -q
2022-10-28 23:52:05.924 Rateel @0000000000000000000000000000000000000000 (1624)> outgoing -q
2022-10-28 23:52:05.938 Rateel @0000000000000000000000000000000000000000 (1624)> outgoing -q exited 255 after 0.32 seconds
2022-10-28 23:52:05.943 Rateel @0000000000000000000000000000000000000000 (14888)> incoming -q exited 255 after 0.33 seconds
2022-10-28 23:52:14.126 Rateel @0000000000000000000000000000000000000000 (2564)> incoming -q
2022-10-28 23:52:14.145 Rateel @0000000000000000000000000000000000000000 (2564)> incoming -q exited 255 after 0.33 seconds
2022-10-28 23:52:14.155 Rateel @0000000000000000000000000000000000000000 (8012)> outgoing -q
2022-10-28 23:52:14.170 Rateel @0000000000000000000000000000000000000000 (8012)> outgoing -q exited 255 after 0.34 seconds
2022-10-28 23:55:06.153 Rateel @0000000000000000000000000000000000000000 (15008)> incoming -q
2022-10-28 23:55:06.162 Rateel @0000000000000000000000000000000000000000 (13548)> outgoing -q
2022-10-28 23:55:06.177 Rateel @0000000000000000000000000000000000000000 (15008)> incoming -q exited 255 after 0.37 seconds
2022-10-28 23:55:06.178 Rateel @0000000000000000000000000000000000000000 (13548)> outgoing -q exited 255 after 0.37 seconds
2022-10-28 23:55:14.145 Rateel @0000000000000000000000000000000000000000 (276)> incoming -q
2022-10-28 23:55:14.163 Rateel @0000000000000000000000000000000000000000 (276)> incoming -q exited 255 after 0.34 seconds
2022-10-28 23:55:14.160 Rateel @0000000000000000000000000000000000000000 (5084)> outgoing -q
2022-10-28 23:55:14.175 Rateel @0000000000000000000000000000000000000000 (5084)> outgoing -q exited 255 after 0.32 seconds
2022-10-28 23:58:05.945 Rateel @0000000000000000000000000000000000000000 (11652)> outgoing -q
2022-10-28 23:58:05.958 Rateel @0000000000000000000000000000000000000000 (11652)> outgoing -q exited 255 after 0.30 seconds
2022-10-28 23:58:05.970 Rateel @0000000000000000000000000000000000000000 (7916)> incoming -q
2022-10-28 23:58:05.988 Rateel @0000000000000000000000000000000000000000 (7916)> incoming -q exited 255 after 0.33 seconds
2022-10-28 23:58:14.275 Rateel @0000000000000000000000000000000000000000 (3168)> incoming -q
2022-10-28 23:58:14.300 Rateel @0000000000000000000000000000000000000000 (3168)> incoming -q exited 255 after 0.39 seconds
2022-10-28 23:58:14.294 Rateel @0000000000000000000000000000000000000000 (4544)> outgoing -q
2022-10-28 23:58:14.309 Rateel @0000000000000000000000000000000000000000 (4544)> outgoing -q exited 255 after 0.39 seconds
2022-10-28 23:59:17.819 Rateel @0000000000000000000000000000000000000000 (1056)> root
2022-10-28 23:59:17.841 Rateel @0000000000000000000000000000000000000000 (1056)> root exited 0 after 0.40 seconds
2022-10-28 23:59:17.868 Rateel @0000000000000000000000000000000000000000 (15340)> root
2022-10-28 23:59:17.888 Rateel @0000000000000000000000000000000000000000 (15340)> root exited 0 after 0.40 seconds
2022-10-28 23:59:36.226 Rateel @0000000000000000000000000000000000000000 (1684)> paths
2022-10-28 23:59:36.258 Rateel @0000000000000000000000000000000000000000 (1684)> paths exited 0 after 0.65 seconds
2022-10-28 23:59:36.353 Rateel @0000000000000000000000000000000000000000 (2264)> paths
2022-10-28 23:59:36.372 Rateel @0000000000000000000000000000000000000000 (2264)> paths exited 0 after 0.74 seconds
2022-10-28 23:59:36.655 Rateel @0000000000000000000000000000000000000000 (2456)> log -T json -r "p1() + p2()"
2022-10-28 23:59:36.694 Rateel @0000000000000000000000000000000000000000 (15528)> summary -q
2022-10-28 23:59:37.076 Rateel @0000000000000000000000000000000000000000 (2456)> log -T json -r "p1() + p2()" exited 0 after 0.91 seconds
2022-10-28 23:59:38.047 Rateel @0000000000000000000000000000000000000000 (15528)> summary -q exited 0 after 1.88 seconds
2022-10-28 23:59:39.644 Rateel @0000000000000000000000000000000000000000 (13428)> status -C
2022-10-28 23:59:39.710 Rateel @0000000000000000000000000000000000000000 (13772)> branch
2022-10-28 23:59:39.747 Rateel @0000000000000000000000000000000000000000 (13772)> branch exited 0 after 0.92 seconds
2022-10-28 23:59:40.167 Rateel @0000000000000000000000000000000000000000 (10876)> branch
2022-10-28 23:59:40.184 Rateel @0000000000000000000000000000000000000000 (10876)> branch exited 0 after 0.82 seconds
2022-10-28 23:59:40.304 Rateel @0000000000000000000000000000000000000000 (13428)> status -C exited 0 after 1.53 seconds
2022-10-28 23:59:40.440 Rateel @0000000000000000000000000000000000000000 (11136)> status -C
2022-10-28 23:59:40.976 Rateel @0000000000000000000000000000000000000000 (11136)> status -C exited 0 after 1.23 seconds
2022-10-28 23:59:43.369 Rateel @0000000000000000000000000000000000000000 (15880)> incoming -q
2022-10-28 23:59:43.435 Rateel @0000000000000000000000000000000000000000 (2512)> outgoing -q
2022-10-28 23:59:43.468 Rateel @0000000000000000000000000000000000000000 (2512)> outgoing -q exited 255 after 1.24 seconds
2022-10-28 23:59:43.394 Rateel @0000000000000000000000000000000000000000 (15880)> incoming -q exited 255 after 1.15 seconds
2022-10-28 23:59:44.301 Rateel @0000000000000000000000000000000000000000 (15632)> outgoing -q
2022-10-28 23:59:44.294 Rateel @0000000000000000000000000000000000000000 (17632)> incoming -q
2022-10-28 23:59:44.329 Rateel @0000000000000000000000000000000000000000 (15632)> outgoing -q exited 255 after 1.02 seconds
2022-10-28 23:59:44.373 Rateel @0000000000000000000000000000000000000000 (17632)> incoming -q exited 255 after 1.15 seconds
2022-10-29 00:02:38.971 Rateel @0000000000000000000000000000000000000000 (10012)> incoming -q
2022-10-29 00:02:38.989 Rateel @0000000000000000000000000000000000000000 (11756)> incoming -q
2022-10-29 00:02:39.032 Rateel @0000000000000000000000000000000000000000 (10012)> incoming -q exited 255 after 0.55 seconds
2022-10-29 00:02:39.039 Rateel @0000000000000000000000000000000000000000 (11756)> incoming -q exited 255 after 0.56 seconds
2022-10-29 00:02:39.080 Rateel @0000000000000000000000000000000000000000 (17008)> outgoing -q
2022-10-29 00:02:39.116 Rateel @0000000000000000000000000000000000000000 (17008)> outgoing -q exited 255 after 0.59 seconds
2022-10-29 00:02:39.112 Rateel @0000000000000000000000000000000000000000 (15992)> outgoing -q
2022-10-29 00:02:39.138 Rateel @0000000000000000000000000000000000000000 (15992)> outgoing -q exited 255 after 0.57 seconds
2022-10-29 02:11:13.647 Rateel @0000000000000000000000000000000000000000 (6612)> root
2022-10-29 02:11:13.649 Rateel @0000000000000000000000000000000000000000 (15932)> root
2022-10-29 02:11:13.666 Rateel @0000000000000000000000000000000000000000 (6612)> root exited 0 after 0.39 seconds
2022-10-29 02:11:13.668 Rateel @0000000000000000000000000000000000000000 (15932)> root exited 0 after 0.41 seconds
2022-10-29 02:11:24.773 Rateel @0000000000000000000000000000000000000000 (6976)> log -T json -r "p1() + p2()"
2022-10-29 02:11:24.806 Rateel @0000000000000000000000000000000000000000 (10188)> paths
2022-10-29 02:11:24.868 Rateel @0000000000000000000000000000000000000000 (10188)> paths exited 0 after 0.59 seconds
2022-10-29 02:11:24.905 Rateel @0000000000000000000000000000000000000000 (6976)> log -T json -r "p1() + p2()" exited 0 after 0.82 seconds
2022-10-29 02:11:24.981 Rateel @0000000000000000000000000000000000000000 (15516)> summary -q
2022-10-29 02:11:25.069 Rateel @0000000000000000000000000000000000000000 (15156)> paths
2022-10-29 02:11:25.093 Rateel @0000000000000000000000000000000000000000 (15156)> paths exited 0 after 0.65 seconds
2022-10-29 02:11:25.304 Rateel @0000000000000000000000000000000000000000 (15516)> summary -q exited 0 after 0.92 seconds
2022-10-29 02:11:31.196 Rateel @0000000000000000000000000000000000000000 (17744)> status -C
2022-10-29 02:11:31.200 Rateel @0000000000000000000000000000000000000000 (14076)> branch
2022-10-29 02:11:31.239 Rateel @0000000000000000000000000000000000000000 (14076)> branch exited 0 after 0.79 seconds
2022-10-29 02:11:31.343 Rateel @0000000000000000000000000000000000000000 (11144)> branch
2022-10-29 02:11:31.377 Rateel @0000000000000000000000000000000000000000 (11144)> branch exited 0 after 0.86 seconds
2022-10-29 02:11:31.374 Rateel @0000000000000000000000000000000000000000 (16416)> status -C
2022-10-29 02:11:31.699 Rateel @0000000000000000000000000000000000000000 (17744)> status -C exited 0 after 1.34 seconds
2022-10-29 02:11:31.801 Rateel @0000000000000000000000000000000000000000 (16416)> status -C exited 0 after 1.25 seconds
2022-10-29 02:11:34.339 Rateel @0000000000000000000000000000000000000000 (14016)> outgoing -q
2022-10-29 02:11:34.355 Rateel @0000000000000000000000000000000000000000 (14016)> outgoing -q exited 255 after 0.86 seconds
2022-10-29 02:11:34.595 Rateel @0000000000000000000000000000000000000000 (13576)> incoming -q
2022-10-29 02:11:34.668 Rateel @0000000000000000000000000000000000000000 (14984)> outgoing -q
2022-10-29 02:11:34.683 Rateel @0000000000000000000000000000000000000000 (14984)> outgoing -q exited 255 after 0.97 seconds
2022-10-29 02:11:34.757 Rateel @0000000000000000000000000000000000000000 (15628)> incoming -q
2022-10-29 02:11:34.714 Rateel @0000000000000000000000000000000000000000 (13576)> incoming -q exited 255 after 0.85 seconds
2022-10-29 02:11:34.850 Rateel @0000000000000000000000000000000000000000 (15628)> incoming -q exited 255 after 0.77 seconds
